{"total": {"lines":{"total":156,"covered":22,"skipped":0,"pct":14.1},"statements":{"total":177,"covered":22,"skipped":0,"pct":12.43},"functions":{"total":58,"covered":2,"skipped":0,"pct":3.45},"branches":{"total":70,"covered":1,"skipped":0,"pct":1.43}}
,"/home/henrique/Trybe/turma-quatro/projetos/trybeer/sd-04-trybeer/front-end/src/App.js": {"lines":{"total":2,"covered":2,"skipped":0,"pct":100},"functions":{"total":1,"covered":1,"skipped":0,"pct":100},"statements":{"total":2,"covered":2,"skipped":0,"pct":100},"branches":{"total":0,"covered":0,"skipped":0,"pct":100}}
,"/home/henrique/Trybe/turma-quatro/projetos/trybeer/sd-04-trybeer/front-end/src/components/Header.js": {"lines":{"total":2,"covered":1,"skipped":0,"pct":50},"functions":{"total":1,"covered":0,"skipped":0,"pct":0},"statements":{"total":2,"covered":1,"skipped":0,"pct":50},"branches":{"total":0,"covered":0,"skipped":0,"pct":100}}
,"/home/henrique/Trybe/turma-quatro/projetos/trybeer/sd-04-trybeer/front-end/src/components/SideBarClient.js": {"lines":{"total":5,"covered":0,"skipped":0,"pct":0},"functions":{"total":3,"covered":0,"skipped":0,"pct":0},"statements":{"total":5,"covered":0,"skipped":0,"pct":0},"branches":{"total":0,"covered":0,"skipped":0,"pct":100}}
,"/home/henrique/Trybe/turma-quatro/projetos/trybeer/sd-04-trybeer/front-end/src/components/UserProfile.js": {"lines":{"total":14,"covered":1,"skipped":0,"pct":7.14},"functions":{"total":4,"covered":0,"skipped":0,"pct":0},"statements":{"total":14,"covered":1,"skipped":0,"pct":7.14},"branches":{"total":0,"covered":0,"skipped":0,"pct":100}}
,"/home/henrique/Trybe/turma-quatro/projetos/trybeer/sd-04-trybeer/front-end/src/pages/Checkout.js": {"lines":{"total":31,"covered":1,"skipped":0,"pct":3.23},"functions":{"total":13,"covered":0,"skipped":0,"pct":0},"statements":{"total":34,"covered":1,"skipped":0,"pct":2.94},"branches":{"total":15,"covered":0,"skipped":0,"pct":0}}
,"/home/henrique/Trybe/turma-quatro/projetos/trybeer/sd-04-trybeer/front-end/src/pages/Login.js": {"lines":{"total":23,"covered":10,"skipped":0,"pct":43.48},"functions":{"total":6,"covered":1,"skipped":0,"pct":16.67},"statements":{"total":27,"covered":10,"skipped":0,"pct":37.04},"branches":{"total":13,"covered":1,"skipped":0,"pct":7.69}}
,"/home/henrique/Trybe/turma-quatro/projetos/trybeer/sd-04-trybeer/front-end/src/pages/Products.js": {"lines":{"total":36,"covered":1,"skipped":0,"pct":2.78},"functions":{"total":16,"covered":0,"skipped":0,"pct":0},"statements":{"total":43,"covered":1,"skipped":0,"pct":2.33},"branches":{"total":18,"covered":0,"skipped":0,"pct":0}}
,"/home/henrique/Trybe/turma-quatro/projetos/trybeer/sd-04-trybeer/front-end/src/pages/UserRegister.js": {"lines":{"total":34,"covered":1,"skipped":0,"pct":2.94},"functions":{"total":10,"covered":0,"skipped":0,"pct":0},"statements":{"total":39,"covered":1,"skipped":0,"pct":2.56},"branches":{"total":24,"covered":0,"skipped":0,"pct":0}}
,"/home/henrique/Trybe/turma-quatro/projetos/trybeer/sd-04-trybeer/front-end/src/services/api.js": {"lines":{"total":9,"covered":5,"skipped":0,"pct":55.56},"functions":{"total":4,"covered":0,"skipped":0,"pct":0},"statements":{"total":11,"covered":5,"skipped":0,"pct":45.45},"branches":{"total":0,"covered":0,"skipped":0,"pct":100}}
}
